<?xml version="1.0" encoding="UTF-8"?>
<coverage generated="1750706547774" clover="3.2.0">
  <project timestamp="1750706547774" name="All files">
    <metrics statements="43" coveredstatements="30" conditionals="6" coveredconditionals="1" methods="7" coveredmethods="3" elements="56" coveredelements="34" complexity="0" loc="43" ncloc="43" packages="3" files="3" classes="3"/>
    <package name="student-api-server">
      <metrics statements="15" coveredstatements="12" conditionals="6" coveredconditionals="1" methods="3" coveredmethods="1"/>
      <file name="server.js" path="C:\Users\KIIT\Desktop\coding\keploy\student-api-server\server.js">
        <metrics statements="15" coveredstatements="12" conditionals="6" coveredconditionals="1" methods="3" coveredmethods="1"/>
        <line num="1" count="1" type="stmt"/>
        <line num="2" count="1" type="stmt"/>
        <line num="3" count="1" type="stmt"/>
        <line num="4" count="1" type="stmt"/>
        <line num="6" count="1" type="stmt"/>
        <line num="7" count="1" type="stmt"/>
        <line num="10" count="1" type="stmt"/>
        <line num="13" count="1" type="stmt"/>
        <line num="14" count="1" type="stmt"/>
        <line num="15" count="0" type="stmt"/>
        <line num="18" count="1" type="stmt"/>
        <line num="21" count="1" type="cond" truecount="1" falsecount="1"/>
        <line num="22" count="0" type="cond" truecount="0" falsecount="2"/>
        <line num="23" count="0" type="cond" truecount="0" falsecount="2"/>
        <line num="28" count="1" type="stmt"/>
      </file>
    </package>
    <package name="student-api-server.models">
      <metrics statements="3" coveredstatements="3" conditionals="0" coveredconditionals="0" methods="0" coveredmethods="0"/>
      <file name="Student.js" path="C:\Users\KIIT\Desktop\coding\keploy\student-api-server\models\Student.js">
        <metrics statements="3" coveredstatements="3" conditionals="0" coveredconditionals="0" methods="0" coveredmethods="0"/>
        <line num="1" count="1" type="stmt"/>
        <line num="3" count="1" type="stmt"/>
        <line num="10" count="1" type="stmt"/>
      </file>
    </package>
    <package name="student-api-server.routes">
      <metrics statements="25" coveredstatements="15" conditionals="0" coveredconditionals="0" methods="4" coveredmethods="2"/>
      <file name="studentRoutes.js" path="C:\Users\KIIT\Desktop\coding\keploy\student-api-server\routes\studentRoutes.js">
        <metrics statements="25" coveredstatements="15" conditionals="0" coveredconditionals="0" methods="4" coveredmethods="2"/>
        <line num="1" count="1" type="stmt"/>
        <line num="2" count="1" type="stmt"/>
        <line num="3" count="1" type="stmt"/>
        <line num="5" count="1" type="stmt"/>
        <line num="6" count="1" type="stmt"/>
        <line num="7" count="1" type="stmt"/>
        <line num="8" count="1" type="stmt"/>
        <line num="9" count="1" type="stmt"/>
        <line num="11" count="0" type="stmt"/>
        <line num="16" count="1" type="stmt"/>
        <line num="17" count="1" type="stmt"/>
        <line num="18" count="1" type="stmt"/>
        <line num="19" count="1" type="stmt"/>
        <line num="21" count="0" type="stmt"/>
        <line num="25" count="1" type="stmt"/>
        <line num="26" count="0" type="stmt"/>
        <line num="27" count="0" type="stmt"/>
        <line num="28" count="0" type="stmt"/>
        <line num="30" count="0" type="stmt"/>
        <line num="34" count="1" type="stmt"/>
        <line num="35" count="0" type="stmt"/>
        <line num="36" count="0" type="stmt"/>
        <line num="37" count="0" type="stmt"/>
        <line num="39" count="0" type="stmt"/>
        <line num="43" count="1" type="stmt"/>
      </file>
    </package>
  </project>
</coverage>
